[INFO ] 2018-06-12 09:54:04,156 [main] Logback logging API implementation is configured.
[INFO ] 2018-06-12 09:54:04,241 [main] Mapped URL path [/system/info/overview.view] onto handler 'commonWebappSystemInfoController'
[INFO ] 2018-06-12 09:54:04,244 [main] Mapped URL path [/system/overview.view] onto handler 'commonWebappSystemOverviewController'
[INFO ] 2018-06-12 09:54:04,244 [main] Mapped URL path [/system/info/debug.view] onto handler 'filenameViewController'
[INFO ] 2018-06-12 09:54:04,248 [main] Mapped URL path [/system/logging/overview.view] onto handler 'commonWebappLoggingOverviewController'
[INFO ] 2018-06-12 09:54:04,359 [main] Mapped URL path [/protocol] onto handler 'rdf4jProtocolController'
[INFO ] 2018-06-12 09:54:04,365 [main] Mapped URL path [/repositories] onto handler 'rdf4jRepositoryListController'
[INFO ] 2018-06-12 09:54:04,367 [main] Mapped URL path [/repositories/*/namespaces] onto handler 'rdf4jRepositoryNamespacesController'
[INFO ] 2018-06-12 09:54:04,370 [main] Mapped URL path [/repositories/*/transactions/*] onto handler 'rdf4jRepositoryTransactionController'
[INFO ] 2018-06-12 09:54:04,370 [main] Mapped URL path [/repositories/*/size] onto handler 'rdf4jRepositorySizeController'
[INFO ] 2018-06-12 09:54:04,371 [main] Mapped URL path [/repositories/*/transactions] onto handler 'rdf4jRepositoryTransactionStartController'
[INFO ] 2018-06-12 09:54:04,371 [main] Mapped URL path [/repositories/*/contexts] onto handler 'rdf4jRepositoryContextsController'
[INFO ] 2018-06-12 09:54:04,374 [main] Mapped URL path [/repositories/*] onto handler 'rdf4jRepositoryController'
[INFO ] 2018-06-12 09:54:04,374 [main] Mapped URL path [/repositories/*/namespaces/*] onto handler 'rdf4jRepositoryNamespaceController'
[INFO ] 2018-06-12 09:54:04,375 [main] Mapped URL path [/repositories/*/statements] onto handler 'rdf4jRepositoryStatementsController'
[INFO ] 2018-06-12 09:54:04,376 [main] Mapped URL path [/repositories/*/rdf-graphs/*] onto handler 'rdf4jRepositoryGraphController'
[INFO ] 2018-06-12 09:54:04,376 [main] Mapped URL path [/repositories/*/rdf-graphs] onto handler 'rdf4jRepositoryContextsController'
[INFO ] 2018-06-12 09:54:04,377 [main] Mapped URL path [/home/overview.view] onto handler 'filenameViewController'
[INFO ] 2018-06-12 09:54:04,377 [main] Mapped URL path [/overview.view] onto handler 'filenameViewController'
[INFO ] 2018-06-12 09:54:04,491 [main] FrameworkServlet 'rdf4j-http-server': initialization completed in 637 ms
[INFO ] 2018-06-12 10:00:50,261 [Thread-1] Closing WebApplicationContext for namespace 'rdf4j-http-server-servlet': startup date [Tue Jun 12 09:54:03 NZST 2018]; root of context hierarchy
[INFO ] 2018-06-12 10:01:05,129 [main] Logback logging API implementation is configured.
[INFO ] 2018-06-12 10:01:05,229 [main] Mapped URL path [/system/info/overview.view] onto handler 'commonWebappSystemInfoController'
[INFO ] 2018-06-12 10:01:05,231 [main] Mapped URL path [/system/overview.view] onto handler 'commonWebappSystemOverviewController'
[INFO ] 2018-06-12 10:01:05,231 [main] Mapped URL path [/system/info/debug.view] onto handler 'filenameViewController'
[INFO ] 2018-06-12 10:01:05,234 [main] Mapped URL path [/system/logging/overview.view] onto handler 'commonWebappLoggingOverviewController'
[INFO ] 2018-06-12 10:01:05,338 [main] Mapped URL path [/protocol] onto handler 'rdf4jProtocolController'
[INFO ] 2018-06-12 10:01:05,345 [main] Mapped URL path [/repositories] onto handler 'rdf4jRepositoryListController'
[INFO ] 2018-06-12 10:01:05,347 [main] Mapped URL path [/repositories/*/namespaces] onto handler 'rdf4jRepositoryNamespacesController'
[INFO ] 2018-06-12 10:01:05,350 [main] Mapped URL path [/repositories/*/transactions/*] onto handler 'rdf4jRepositoryTransactionController'
[INFO ] 2018-06-12 10:01:05,350 [main] Mapped URL path [/repositories/*/size] onto handler 'rdf4jRepositorySizeController'
[INFO ] 2018-06-12 10:01:05,351 [main] Mapped URL path [/repositories/*/transactions] onto handler 'rdf4jRepositoryTransactionStartController'
[INFO ] 2018-06-12 10:01:05,351 [main] Mapped URL path [/repositories/*/contexts] onto handler 'rdf4jRepositoryContextsController'
[INFO ] 2018-06-12 10:01:05,354 [main] Mapped URL path [/repositories/*] onto handler 'rdf4jRepositoryController'
[INFO ] 2018-06-12 10:01:05,354 [main] Mapped URL path [/repositories/*/namespaces/*] onto handler 'rdf4jRepositoryNamespaceController'
[INFO ] 2018-06-12 10:01:05,356 [main] Mapped URL path [/repositories/*/statements] onto handler 'rdf4jRepositoryStatementsController'
[INFO ] 2018-06-12 10:01:05,356 [main] Mapped URL path [/repositories/*/rdf-graphs/*] onto handler 'rdf4jRepositoryGraphController'
[INFO ] 2018-06-12 10:01:05,356 [main] Mapped URL path [/repositories/*/rdf-graphs] onto handler 'rdf4jRepositoryContextsController'
[INFO ] 2018-06-12 10:01:05,357 [main] Mapped URL path [/home/overview.view] onto handler 'filenameViewController'
[INFO ] 2018-06-12 10:01:05,357 [main] Mapped URL path [/overview.view] onto handler 'filenameViewController'
[INFO ] 2018-06-12 10:01:05,436 [main] FrameworkServlet 'rdf4j-http-server': initialization completed in 626 ms
[INFO ] 2018-06-12 10:09:29,706 [Thread-1] Closing WebApplicationContext for namespace 'rdf4j-http-server-servlet': startup date [Tue Jun 12 10:01:04 NZST 2018]; root of context hierarchy
